app/build/intermediates/manifest_merge_blame_file/debug/processDebugMainManifest/manifest-merger-blame-debug-report.txt
1<?xml version="1.0" encoding="utf-8"?>
2<manifest xmlns:android="http://schemas.android.com/apk/res/android"
3    package="com.qguxxi.synthvoice"
4    android:versionCode="1"
5    android:versionName="1.0" >
6
7    <uses-sdk
8        android:minSdkVersion="32"
9        android:targetSdkVersion="34" />
10
11    <uses-permission android:name="android.permission.INTERNET" />
11-->src\main\AndroidManifest.xml:29:5-66
11-->src\main\AndroidManifest.xml:29:22-64
12    <uses-permission android:name="android.permission.POST_NOTIFICATIONS" />
12-->src\main\AndroidManifest.xml:30:5-77
12-->src\main\AndroidManifest.xml:30:22-74
13    <uses-permission android:name="android.permission.RECORD_AUDIO" />
13-->src\main\AndroidManifest.xml:31:5-71
13-->src\main\AndroidManifest.xml:31:22-68
14
15    <uses-feature android:name="android.hardware.camera" />
15-->src\main\AndroidManifest.xml:32:5-59
15-->src\main\AndroidManifest.xml:32:19-57
16
17    <uses-permission android:name="android.permission.CAMERA" />
17-->src\main\AndroidManifest.xml:33:5-64
17-->src\main\AndroidManifest.xml:33:22-62
18    <uses-permission android:name="android.permission.READ_EXTERNAL_STORAGE" />
18-->src\main\AndroidManifest.xml:34:5-79
18-->src\main\AndroidManifest.xml:34:22-77
19    <uses-permission android:name="android.permission.ACCESS_NETWORK_STATE" />
19-->[com.google.firebase:firebase-iid:21.1.0] AndroidManifest.xml:22:5-79
19-->[com.google.firebase:firebase-iid:21.1.0] AndroidManifest.xml:22:22-76
20    <uses-permission android:name="android.permission.WAKE_LOCK" /> <!-- Required by older versions of Google Play services to create IID tokens -->
20-->[com.google.firebase:firebase-iid:21.1.0] AndroidManifest.xml:24:5-68
20-->[com.google.firebase:firebase-iid:21.1.0] AndroidManifest.xml:24:22-65
21    <uses-permission android:name="com.google.android.c2dm.permission.RECEIVE" />
21-->[com.google.firebase:firebase-iid:21.1.0] AndroidManifest.xml:26:5-82
21-->[com.google.firebase:firebase-iid:21.1.0] AndroidManifest.xml:26:22-79
22
23    <permission
23-->[androidx.core:core:1.13.1] AndroidManifest.xml:22:5-24:47
24        android:name="com.qguxxi.synthvoice.DYNAMIC_RECEIVER_NOT_EXPORTED_PERMISSION"
24-->[androidx.core:core:1.13.1] AndroidManifest.xml:23:9-81
25        android:protectionLevel="signature" />
25-->[androidx.core:core:1.13.1] AndroidManifest.xml:24:9-44
26
27    <uses-permission android:name="com.qguxxi.synthvoice.DYNAMIC_RECEIVER_NOT_EXPORTED_PERMISSION" />
27-->[androidx.core:core:1.13.1] AndroidManifest.xml:26:5-97
27-->[androidx.core:core:1.13.1] AndroidManifest.xml:26:22-94
28
29    <application
29-->src\main\AndroidManifest.xml:5:5-28:19
30        android:allowBackup="true"
30-->src\main\AndroidManifest.xml:6:9-35
31        android:appComponentFactory="androidx.core.app.CoreComponentFactory"
31-->[androidx.core:core:1.13.1] AndroidManifest.xml:28:18-86
32        android:dataExtractionRules="@xml/data_extraction_rules"
32-->src\main\AndroidManifest.xml:7:9-65
33        android:debuggable="true"
34        android:extractNativeLibs="false"
35        android:fullBackupContent="@xml/backup_rules"
35-->src\main\AndroidManifest.xml:8:9-54
36        android:icon="@mipmap/ic_launcher"
36-->src\main\AndroidManifest.xml:9:9-43
37        android:label="@string/app_name"
37-->src\main\AndroidManifest.xml:10:9-41
38        android:roundIcon="@mipmap/ic_launcher_round"
38-->src\main\AndroidManifest.xml:11:9-54
39        android:supportsRtl="true"
39-->src\main\AndroidManifest.xml:12:9-35
40        android:testOnly="true"
41        android:theme="@style/Theme.Tapper.Splash" >
41-->src\main\AndroidManifest.xml:13:9-51
42        <activity
42-->src\main\AndroidManifest.xml:15:9-27:20
43            android:name="com.qguxxi.synthvoice.MainActivity"
43-->src\main\AndroidManifest.xml:16:13-41
44            android:exported="true"
44-->src\main\AndroidManifest.xml:17:13-36
45            android:label="@string/app_name"
45-->src\main\AndroidManifest.xml:18:13-45
46            android:screenOrientation="portrait"
46-->src\main\AndroidManifest.xml:19:13-49
47            android:theme="@style/Theme.Tapper.Splash" >
47-->src\main\AndroidManifest.xml:20:13-55
48            <intent-filter>
48-->src\main\AndroidManifest.xml:23:13-26:29
49                <action android:name="android.intent.action.MAIN" />
49-->src\main\AndroidManifest.xml:24:17-69
49-->src\main\AndroidManifest.xml:24:25-66
50
51                <category android:name="android.intent.category.LAUNCHER" />
51-->src\main\AndroidManifest.xml:25:17-77
51-->src\main\AndroidManifest.xml:25:27-74
52            </intent-filter>
53        </activity>
54
55        <service
55-->[com.google.firebase:firebase-functions-ktx:21.0.0] AndroidManifest.xml:9:9-15:19
56            android:name="com.google.firebase.components.ComponentDiscoveryService"
56-->[com.google.firebase:firebase-functions-ktx:21.0.0] AndroidManifest.xml:10:13-84
57            android:directBootAware="true"
57-->[com.google.firebase:firebase-common:21.0.0] AndroidManifest.xml:32:13-43
58            android:exported="false" >
58-->[com.google.firebase:firebase-functions-ktx:21.0.0] AndroidManifest.xml:11:13-37
59            <meta-data
59-->[com.google.firebase:firebase-functions-ktx:21.0.0] AndroidManifest.xml:12:13-14:85
60                android:name="com.google.firebase.components:com.google.firebase.functions.ktx.FirebaseFunctionsLegacyRegistrar"
60-->[com.google.firebase:firebase-functions-ktx:21.0.0] AndroidManifest.xml:13:17-129
61                android:value="com.google.firebase.components.ComponentRegistrar" />
61-->[com.google.firebase:firebase-functions-ktx:21.0.0] AndroidManifest.xml:14:17-82
62            <meta-data
62-->[com.google.firebase:firebase-functions:21.0.0] AndroidManifest.xml:15:13-17:85
63                android:name="com.google.firebase.components:com.google.firebase.functions.FirebaseFunctionsKtxRegistrar"
63-->[com.google.firebase:firebase-functions:21.0.0] AndroidManifest.xml:16:17-122
64                android:value="com.google.firebase.components.ComponentRegistrar" />
64-->[com.google.firebase:firebase-functions:21.0.0] AndroidManifest.xml:17:17-82
65            <meta-data
65-->[com.google.firebase:firebase-functions:21.0.0] AndroidManifest.xml:18:13-20:85
66                android:name="com.google.firebase.components:com.google.firebase.functions.FunctionsRegistrar"
66-->[com.google.firebase:firebase-functions:21.0.0] AndroidManifest.xml:19:17-111
67                android:value="com.google.firebase.components.ComponentRegistrar" />
67-->[com.google.firebase:firebase-functions:21.0.0] AndroidManifest.xml:20:17-82
68            <meta-data
68-->[com.google.firebase:firebase-common-ktx:21.0.0] AndroidManifest.xml:12:13-14:85
69                android:name="com.google.firebase.components:com.google.firebase.ktx.FirebaseCommonLegacyRegistrar"
69-->[com.google.firebase:firebase-common-ktx:21.0.0] AndroidManifest.xml:13:17-116
70                android:value="com.google.firebase.components.ComponentRegistrar" />
70-->[com.google.firebase:firebase-common-ktx:21.0.0] AndroidManifest.xml:14:17-82
71            <meta-data
71-->[com.google.firebase:firebase-common:21.0.0] AndroidManifest.xml:35:13-37:85
72                android:name="com.google.firebase.components:com.google.firebase.FirebaseCommonKtxRegistrar"
72-->[com.google.firebase:firebase-common:21.0.0] AndroidManifest.xml:36:17-109
73                android:value="com.google.firebase.components.ComponentRegistrar" />
73-->[com.google.firebase:firebase-common:21.0.0] AndroidManifest.xml:37:17-82
74            <meta-data
74-->[com.google.firebase:firebase-iid:21.1.0] AndroidManifest.xml:32:13-34:85
75                android:name="com.google.firebase.components:com.google.firebase.iid.Registrar"
75-->[com.google.firebase:firebase-iid:21.1.0] AndroidManifest.xml:33:17-96
76                android:value="com.google.firebase.components.ComponentRegistrar" />
76-->[com.google.firebase:firebase-iid:21.1.0] AndroidManifest.xml:34:17-82
77            <meta-data
77-->[com.google.firebase:firebase-installations:16.3.5] AndroidManifest.xml:18:13-20:85
78                android:name="com.google.firebase.components:com.google.firebase.installations.FirebaseInstallationsRegistrar"
78-->[com.google.firebase:firebase-installations:16.3.5] AndroidManifest.xml:19:17-127
79                android:value="com.google.firebase.components.ComponentRegistrar" />
79-->[com.google.firebase:firebase-installations:16.3.5] AndroidManifest.xml:20:17-82
80        </service>
81        <service
81-->[androidx.credentials:credentials-play-services-auth:1.3.0-rc01] AndroidManifest.xml:24:9-32:19
82            android:name="androidx.credentials.playservices.CredentialProviderMetadataHolder"
82-->[androidx.credentials:credentials-play-services-auth:1.3.0-rc01] AndroidManifest.xml:25:13-94
83            android:enabled="true"
83-->[androidx.credentials:credentials-play-services-auth:1.3.0-rc01] AndroidManifest.xml:26:13-35
84            android:exported="false" >
84-->[androidx.credentials:credentials-play-services-auth:1.3.0-rc01] AndroidManifest.xml:27:13-37
85            <meta-data
85-->[androidx.credentials:credentials-play-services-auth:1.3.0-rc01] AndroidManifest.xml:29:13-31:104
86                android:name="androidx.credentials.CREDENTIAL_PROVIDER_KEY"
86-->[androidx.credentials:credentials-play-services-auth:1.3.0-rc01] AndroidManifest.xml:30:17-76
87                android:value="androidx.credentials.playservices.CredentialProviderPlayServicesImpl" />
87-->[androidx.credentials:credentials-play-services-auth:1.3.0-rc01] AndroidManifest.xml:31:17-101
88        </service>
89
90        <activity
90-->[androidx.credentials:credentials-play-services-auth:1.3.0-rc01] AndroidManifest.xml:34:9-41:20
91            android:name="androidx.credentials.playservices.HiddenActivity"
91-->[androidx.credentials:credentials-play-services-auth:1.3.0-rc01] AndroidManifest.xml:35:13-76
92            android:configChanges="orientation|screenSize|screenLayout|keyboardHidden"
92-->[androidx.credentials:credentials-play-services-auth:1.3.0-rc01] AndroidManifest.xml:36:13-87
93            android:enabled="true"
93-->[androidx.credentials:credentials-play-services-auth:1.3.0-rc01] AndroidManifest.xml:37:13-35
94            android:exported="false"
94-->[androidx.credentials:credentials-play-services-auth:1.3.0-rc01] AndroidManifest.xml:38:13-37
95            android:fitsSystemWindows="true"
95-->[androidx.credentials:credentials-play-services-auth:1.3.0-rc01] AndroidManifest.xml:39:13-45
96            android:theme="@style/Theme.Hidden" >
96-->[androidx.credentials:credentials-play-services-auth:1.3.0-rc01] AndroidManifest.xml:40:13-48
97        </activity>
98        <activity
98-->[com.google.android.gms:play-services-auth:21.2.0] AndroidManifest.xml:23:9-27:75
99            android:name="com.google.android.gms.auth.api.signin.internal.SignInHubActivity"
99-->[com.google.android.gms:play-services-auth:21.2.0] AndroidManifest.xml:24:13-93
100            android:excludeFromRecents="true"
100-->[com.google.android.gms:play-services-auth:21.2.0] AndroidManifest.xml:25:13-46
101            android:exported="false"
101-->[com.google.android.gms:play-services-auth:21.2.0] AndroidManifest.xml:26:13-37
102            android:theme="@android:style/Theme.Translucent.NoTitleBar" />
102-->[com.google.android.gms:play-services-auth:21.2.0] AndroidManifest.xml:27:13-72
103        <!--
104            Service handling Google Sign-In user revocation. For apps that do not integrate with
105            Google Sign-In, this service will never be started.
106        -->
107        <service
107-->[com.google.android.gms:play-services-auth:21.2.0] AndroidManifest.xml:33:9-37:51
108            android:name="com.google.android.gms.auth.api.signin.RevocationBoundService"
108-->[com.google.android.gms:play-services-auth:21.2.0] AndroidManifest.xml:34:13-89
109            android:exported="true"
109-->[com.google.android.gms:play-services-auth:21.2.0] AndroidManifest.xml:35:13-36
110            android:permission="com.google.android.gms.auth.api.signin.permission.REVOCATION_NOTIFICATION"
110-->[com.google.android.gms:play-services-auth:21.2.0] AndroidManifest.xml:36:13-107
111            android:visibleToInstantApps="true" />
111-->[com.google.android.gms:play-services-auth:21.2.0] AndroidManifest.xml:37:13-48
112
113        <activity
113-->[com.google.android.gms:play-services-base:18.3.0] AndroidManifest.xml:20:9-22:45
114            android:name="com.google.android.gms.common.api.GoogleApiActivity"
114-->[com.google.android.gms:play-services-base:18.3.0] AndroidManifest.xml:20:19-85
115            android:exported="false"
115-->[com.google.android.gms:play-services-base:18.3.0] AndroidManifest.xml:22:19-43
116            android:theme="@android:style/Theme.Translucent.NoTitleBar" />
116-->[com.google.android.gms:play-services-base:18.3.0] AndroidManifest.xml:21:19-78
117
118        <provider
118-->[com.google.firebase:firebase-common:21.0.0] AndroidManifest.xml:23:9-28:39
119            android:name="com.google.firebase.provider.FirebaseInitProvider"
119-->[com.google.firebase:firebase-common:21.0.0] AndroidManifest.xml:24:13-77
120            android:authorities="com.qguxxi.synthvoice.firebaseinitprovider"
120-->[com.google.firebase:firebase-common:21.0.0] AndroidManifest.xml:25:13-72
121            android:directBootAware="true"
121-->[com.google.firebase:firebase-common:21.0.0] AndroidManifest.xml:26:13-43
122            android:exported="false"
122-->[com.google.firebase:firebase-common:21.0.0] AndroidManifest.xml:27:13-37
123            android:initOrder="100" />
123-->[com.google.firebase:firebase-common:21.0.0] AndroidManifest.xml:28:13-36
124
125        <activity
125-->[androidx.compose.ui:ui-tooling-android:1.7.4] AndroidManifest.xml:23:9-25:39
126            android:name="androidx.compose.ui.tooling.PreviewActivity"
126-->[androidx.compose.ui:ui-tooling-android:1.7.4] AndroidManifest.xml:24:13-71
127            android:exported="true" />
127-->[androidx.compose.ui:ui-tooling-android:1.7.4] AndroidManifest.xml:25:13-36
128        <activity
128-->[androidx.compose.ui:ui-test-manifest:1.7.4] AndroidManifest.xml:23:9-25:39
129            android:name="androidx.activity.ComponentActivity"
129-->[androidx.compose.ui:ui-test-manifest:1.7.4] AndroidManifest.xml:24:13-63
130            android:exported="true" />
130-->[androidx.compose.ui:ui-test-manifest:1.7.4] AndroidManifest.xml:25:13-36
131
132        <provider
132-->[androidx.emoji2:emoji2:1.3.0] AndroidManifest.xml:24:9-32:20
133            android:name="androidx.startup.InitializationProvider"
133-->[androidx.emoji2:emoji2:1.3.0] AndroidManifest.xml:25:13-67
134            android:authorities="com.qguxxi.synthvoice.androidx-startup"
134-->[androidx.emoji2:emoji2:1.3.0] AndroidManifest.xml:26:13-68
135            android:exported="false" >
135-->[androidx.emoji2:emoji2:1.3.0] AndroidManifest.xml:27:13-37
136            <meta-data
136-->[androidx.emoji2:emoji2:1.3.0] AndroidManifest.xml:29:13-31:52
137                android:name="androidx.emoji2.text.EmojiCompatInitializer"
137-->[androidx.emoji2:emoji2:1.3.0] AndroidManifest.xml:30:17-75
138                android:value="androidx.startup" />
138-->[androidx.emoji2:emoji2:1.3.0] AndroidManifest.xml:31:17-49
139            <meta-data
139-->[androidx.lifecycle:lifecycle-process:2.8.6] AndroidManifest.xml:29:13-31:52
140                android:name="androidx.lifecycle.ProcessLifecycleInitializer"
140-->[androidx.lifecycle:lifecycle-process:2.8.6] AndroidManifest.xml:30:17-78
141                android:value="androidx.startup" />
141-->[androidx.lifecycle:lifecycle-process:2.8.6] AndroidManifest.xml:31:17-49
142            <meta-data
142-->[androidx.profileinstaller:profileinstaller:1.3.1] AndroidManifest.xml:29:13-31:52
143                android:name="androidx.profileinstaller.ProfileInstallerInitializer"
143-->[androidx.profileinstaller:profileinstaller:1.3.1] AndroidManifest.xml:30:17-85
144                android:value="androidx.startup" />
144-->[androidx.profileinstaller:profileinstaller:1.3.1] AndroidManifest.xml:31:17-49
145        </provider>
146
147        <meta-data
147-->[com.google.android.gms:play-services-basement:18.3.0] AndroidManifest.xml:21:9-23:69
148            android:name="com.google.android.gms.version"
148-->[com.google.android.gms:play-services-basement:18.3.0] AndroidManifest.xml:22:13-58
149            android:value="@integer/google_play_services_version" />
149-->[com.google.android.gms:play-services-basement:18.3.0] AndroidManifest.xml:23:13-66
150
151        <receiver
151-->[androidx.profileinstaller:profileinstaller:1.3.1] AndroidManifest.xml:34:9-52:20
152            android:name="androidx.profileinstaller.ProfileInstallReceiver"
152-->[androidx.profileinstaller:profileinstaller:1.3.1] AndroidManifest.xml:35:13-76
153            android:directBootAware="false"
153-->[androidx.profileinstaller:profileinstaller:1.3.1] AndroidManifest.xml:36:13-44
154            android:enabled="true"
154-->[androidx.profileinstaller:profileinstaller:1.3.1] AndroidManifest.xml:37:13-35
155            android:exported="true"
155-->[androidx.profileinstaller:profileinstaller:1.3.1] AndroidManifest.xml:38:13-36
156            android:permission="android.permission.DUMP" >
156-->[androidx.profileinstaller:profileinstaller:1.3.1] AndroidManifest.xml:39:13-57
157            <intent-filter>
157-->[androidx.profileinstaller:profileinstaller:1.3.1] AndroidManifest.xml:40:13-42:29
158                <action android:name="androidx.profileinstaller.action.INSTALL_PROFILE" />
158-->[androidx.profileinstaller:profileinstaller:1.3.1] AndroidManifest.xml:41:17-91
158-->[androidx.profileinstaller:profileinstaller:1.3.1] AndroidManifest.xml:41:25-88
159            </intent-filter>
160            <intent-filter>
160-->[androidx.profileinstaller:profileinstaller:1.3.1] AndroidManifest.xml:43:13-45:29
161                <action android:name="androidx.profileinstaller.action.SKIP_FILE" />
161-->[androidx.profileinstaller:profileinstaller:1.3.1] AndroidManifest.xml:44:17-85
161-->[androidx.profileinstaller:profileinstaller:1.3.1] AndroidManifest.xml:44:25-82
162            </intent-filter>
163            <intent-filter>
163-->[androidx.profileinstaller:profileinstaller:1.3.1] AndroidManifest.xml:46:13-48:29
164                <action android:name="androidx.profileinstaller.action.SAVE_PROFILE" />
164-->[androidx.profileinstaller:profileinstaller:1.3.1] AndroidManifest.xml:47:17-88
164-->[androidx.profileinstaller:profileinstaller:1.3.1] AndroidManifest.xml:47:25-85
165            </intent-filter>
166            <intent-filter>
166-->[androidx.profileinstaller:profileinstaller:1.3.1] AndroidManifest.xml:49:13-51:29
167                <action android:name="androidx.profileinstaller.action.BENCHMARK_OPERATION" />
167-->[androidx.profileinstaller:profileinstaller:1.3.1] AndroidManifest.xml:50:17-95
167-->[androidx.profileinstaller:profileinstaller:1.3.1] AndroidManifest.xml:50:25-92
168            </intent-filter>
169        </receiver>
170    </application>
171
172</manifest>